# JRE version: OpenJDK Runtime Environment Temurin-17.0.4.1+1 (17.0.4.1+1) (build 17.0.4.1+1)
# Java VM: OpenJDK 64-Bit Server VM Temurin-17.0.4.1+1 (17.0.4.1+1, mixed mode, emulated-client, tiered, compressed oops, compressed class ptrs, g1 gc, windows-amd64)
GC Precious Log:
 CPUs: 16 total, 16 available
 Memory: 15737M
 Large Page Support: Disabled
 NUMA Support: Disabled
 Compressed Oops: Enabled (Zero based)
 Heap Region Size: 2M
 Heap Min Capacity: 8M
 Heap Initial Capacity: 246M
 Heap Max Capacity: 3936M
 Pre-touch: Disabled
 Parallel Workers: 13
 Concurrent Workers: 3
 Concurrent Refinement Workers: 13
 Periodic GC: Disabled
Heap:
 garbage-first heap   total 96256K, used 26536K [0x000000070a000000, 0x0000000800000000)
  region size 2048K, 1 young (2048K), 0 survivors (0K)
 Metaspace       used 46502K, committed 47040K, reserved 1097728K
  class space    used 6322K, committed 6528K, reserved 1048576K
GC Heap History (20 events):
Event: 6714.767 GC heap before
{Heap before GC invocations=666 (full 639):
 garbage-first heap   total 96256K, used 26536K [0x000000070a000000, 0x0000000800000000)
  region size 2048K, 1 young (2048K), 0 survivors (0K)
 Metaspace       used 46502K, committed 47040K, reserved 1097728K
  class space    used 6322K, committed 6528K, reserved 1048576K
}
Event: 6714.804 GC heap after
{Heap after GC invocations=667 (full 640):
 garbage-first heap   total 96256K, used 26536K [0x000000070a000000, 0x0000000800000000)
  region size 2048K, 0 young (0K), 0 survivors (0K)
 Metaspace       used 46502K, committed 47040K, reserved 1097728K
  class space    used 6322K, committed 6528K, reserved 1048576K
}
Event: 6725.082 GC heap before
{Heap before GC invocations=667 (full 640):
 garbage-first heap   total 96256K, used 26536K [0x000000070a000000, 0x0000000800000000)
  region size 2048K, 1 young (2048K), 0 survivors (0K)
 Metaspace       used 46502K, committed 47040K, reserved 1097728K
  class space    used 6322K, committed 6528K, reserved 1048576K
}
Event: 6725.121 GC heap after
{Heap after GC invocations=668 (full 641):
 garbage-first heap   total 96256K, used 26536K [0x000000070a000000, 0x0000000800000000)
  region size 2048K, 0 young (0K), 0 survivors (0K)
 Metaspace       used 46502K, committed 47040K, reserved 1097728K
  class space    used 6322K, committed 6528K, reserved 1048576K
}
Event: 6735.355 GC heap before
{Heap before GC invocations=668 (full 641):
 garbage-first heap   total 96256K, used 26536K [0x000000070a000000, 0x0000000800000000)
  region size 2048K, 1 young (2048K), 0 survivors (0K)
 Metaspace       used 46502K, committed 47040K, reserved 1097728K
  class space    used 6322K, committed 6528K, reserved 1048576K
}
Event: 6735.387 GC heap after
{Heap after GC invocations=669 (full 642):
 garbage-first heap   total 96256K, used 26536K [0x000000070a000000, 0x0000000800000000)
  region size 2048K, 0 young (0K), 0 survivors (0K)
 Metaspace       used 46502K, committed 47040K, reserved 1097728K
  class space    used 6322K, committed 6528K, reserved 1048576K
}
Event: 6745.606 GC heap before
{Heap before GC invocations=669 (full 642):
 garbage-first heap   total 96256K, used 26536K [0x000000070a000000, 0x0000000800000000)
  region size 2048K, 1 young (2048K), 0 survivors (0K)
 Metaspace       used 46502K, committed 47040K, reserved 1097728K
  class space    used 6322K, committed 6528K, reserved 1048576K
}
Event: 6745.641 GC heap after
{Heap after GC invocations=670 (full 643):
 garbage-first heap   total 96256K, used 26536K [0x000000070a000000, 0x0000000800000000)
  region size 2048K, 0 young (0K), 0 survivors (0K)
 Metaspace       used 46502K, committed 47040K, reserved 1097728K
  class space    used 6322K, committed 6528K, reserved 1048576K
}
Event: 6755.884 GC heap before
{Heap before GC invocations=670 (full 643):
 garbage-first heap   total 96256K, used 26536K [0x000000070a000000, 0x0000000800000000)
  region size 2048K, 1 young (2048K), 0 survivors (0K)
 Metaspace       used 46502K, committed 47040K, reserved 1097728K
  class space    used 6322K, committed 6528K, reserved 1048576K
}
Event: 6755.923 GC heap after
{Heap after GC invocations=671 (full 644):
 garbage-first heap   total 96256K, used 26536K [0x000000070a000000, 0x0000000800000000)
  region size 2048K, 0 young (0K), 0 survivors (0K)
 Metaspace       used 46502K, committed 47040K, reserved 1097728K
  class space    used 6322K, committed 6528K, reserved 1048576K
}
Event: 6766.253 GC heap before
{Heap before GC invocations=671 (full 644):
 garbage-first heap   total 96256K, used 26536K [0x000000070a000000, 0x0000000800000000)
  region size 2048K, 1 young (2048K), 0 survivors (0K)
 Metaspace       used 46502K, committed 47040K, reserved 1097728K
  class space    used 6322K, committed 6528K, reserved 1048576K
}
Event: 6766.292 GC heap after
{Heap after GC invocations=672 (full 645):
 garbage-first heap   total 96256K, used 26536K [0x000000070a000000, 0x0000000800000000)
  region size 2048K, 0 young (0K), 0 survivors (0K)
 Metaspace       used 46502K, committed 47040K, reserved 1097728K
  class space    used 6322K, committed 6528K, reserved 1048576K
}
Event: 6777.678 GC heap before
{Heap before GC invocations=672 (full 645):
 garbage-first heap   total 96256K, used 26536K [0x000000070a000000, 0x0000000800000000)
  region size 2048K, 1 young (2048K), 0 survivors (0K)
 Metaspace       used 46502K, committed 47040K, reserved 1097728K
  class space    used 6322K, committed 6528K, reserved 1048576K
}
Event: 6777.711 GC heap after
{Heap after GC invocations=673 (full 646):
 garbage-first heap   total 96256K, used 26536K [0x000000070a000000, 0x0000000800000000)
  region size 2048K, 0 young (0K), 0 survivors (0K)
 Metaspace       used 46502K, committed 47040K, reserved 1097728K
  class space    used 6322K, committed 6528K, reserved 1048576K
}
Event: 6787.953 GC heap before
{Heap before GC invocations=673 (full 646):
 garbage-first heap   total 96256K, used 26536K [0x000000070a000000, 0x0000000800000000)
  region size 2048K, 1 young (2048K), 0 survivors (0K)
 Metaspace       used 46502K, committed 47040K, reserved 1097728K
  class space    used 6322K, committed 6528K, reserved 1048576K
}
Event: 6787.992 GC heap after
{Heap after GC invocations=674 (full 647):
 garbage-first heap   total 96256K, used 26536K [0x000000070a000000, 0x0000000800000000)
  region size 2048K, 0 young (0K), 0 survivors (0K)
 Metaspace       used 46502K, committed 47040K, reserved 1097728K
  class space    used 6322K, committed 6528K, reserved 1048576K
}
Event: 6798.245 GC heap before
{Heap before GC invocations=674 (full 647):
 garbage-first heap   total 96256K, used 26536K [0x000000070a000000, 0x0000000800000000)
  region size 2048K, 1 young (2048K), 0 survivors (0K)
 Metaspace       used 46502K, committed 47040K, reserved 1097728K
  class space    used 6322K, committed 6528K, reserved 1048576K
}
Event: 6798.285 GC heap after
{Heap after GC invocations=675 (full 648):
 garbage-first heap   total 96256K, used 26536K [0x000000070a000000, 0x0000000800000000)
  region size 2048K, 0 young (0K), 0 survivors (0K)
 Metaspace       used 46502K, committed 47040K, reserved 1097728K
  class space    used 6322K, committed 6528K, reserved 1048576K
}
Event: 6808.526 GC heap before
{Heap before GC invocations=675 (full 648):
 garbage-first heap   total 96256K, used 26536K [0x000000070a000000, 0x0000000800000000)
  region size 2048K, 1 young (2048K), 0 survivors (0K)
 Metaspace       used 46502K, committed 47040K, reserved 1097728K
  class space    used 6322K, committed 6528K, reserved 1048576K
}
Event: 6808.561 GC heap after
{Heap after GC invocations=676 (full 649):
 garbage-first heap   total 96256K, used 26536K [0x000000070a000000, 0x0000000800000000)
  region size 2048K, 0 young (0K), 0 survivors (0K)
 Metaspace       used 46502K, committed 47040K, reserved 1097728K
  class space    used 6322K, committed 6528K, reserved 1048576K
}

